15:46:55 **** Incremental Build of configuration Debug for project 11.1_FinaleButDHTOnly ****
make -j12 all 
arm-none-eabi-gcc "../Core/Src/main.c" -mcpu=cortex-m4 -std=gnu11 -g3 -DDEBUG -DUSE_HAL_DRIVER -DSTM32F411xE -c -I../Core/Inc -I../Drivers/STM32F4xx_HAL_Driver/Inc -I../Drivers/STM32F4xx_HAL_Driver/Inc/Legacy -I../Drivers/CMSIS/Device/ST/STM32F4xx/Include -I../Drivers/CMSIS/Include -O0 -ffunction-sections -fdata-sections -Wall -fstack-usage -fcyclomatic-complexity -MMD -MP -MF"Core/Src/main.d" -MT"Core/Src/main.o" --specs=nano.specs -mfpu=fpv4-sp-d16 -mfloat-abi=hard -mthumb -o "Core/Src/main.o"
arm-none-eabi-gcc -o "11.1_FinaleButDHTOnly.elf" @"objects.list"   -mcpu=cortex-m4 -T"D:\Learn\C\C\STM32F411\11.1_FinaleButDHTOnly\STM32F411VETX_FLASH.ld" --specs=nosys.specs -Wl,-Map="11.1_FinaleButDHTOnly.map" -Wl,--gc-sections -static -u _printf_float --specs=nano.specs -mfpu=fpv4-sp-d16 -mfloat-abi=hard -mthumb -Wl,--start-group -lc -lm -Wl,--end-group
C:/ST/STM32CubeIDE_1.18.1/STM32CubeIDE/plugins/com.st.stm32cube.ide.mcu.externaltools.gnu-tools-for-stm32.13.3.rel1.win32_1.0.0.202411081344/tools/bin/../lib/gcc/arm-none-eabi/13.3.1/../../../../arm-none-eabi/bin/ld.exe: ./Core/Src/main.o: in function `main':
D:/Learn/C/C/STM32F411/11.1_FinaleButDHTOnly/Debug/../Core/Src/main.c:141:(.text.main+0x42): undefined reference to `lcd_set_cursor'
C:/ST/STM32CubeIDE_1.18.1/STM32CubeIDE/plugins/com.st.stm32cube.ide.mcu.externaltools.gnu-tools-for-stm32.13.3.rel1.win32_1.0.0.202411081344/tools/bin/../lib/gcc/arm-none-eabi/13.3.1/../../../../arm-none-eabi/bin/ld.exe: D:/Learn/C/C/STM32F411/11.1_FinaleButDHTOnly/Debug/../Core/Src/main.c:147:(.text.main+0x5e): undefined reference to `dht_init'
C:/ST/STM32CubeIDE_1.18.1/STM32CubeIDE/plugins/com.st.stm32cube.ide.mcu.externaltools.gnu-tools-for-stm32.13.3.rel1.win32_1.0.0.202411081344/tools/bin/../lib/gcc/arm-none-eabi/13.3.1/../../../../arm-none-eabi/bin/ld.exe: D:/Learn/C/C/STM32F411/11.1_FinaleButDHTOnly/Debug/../Core/Src/main.c:148:(.text.main+0x68): undefined reference to `lcd_set_cursor'
C:/ST/STM32CubeIDE_1.18.1/STM32CubeIDE/plugins/com.st.stm32cube.ide.mcu.externaltools.gnu-tools-for-stm32.13.3.rel1.win32_1.0.0.202411081344/tools/bin/../lib/gcc/arm-none-eabi/13.3.1/../../../../arm-none-eabi/bin/ld.exe: D:/Learn/C/C/STM32F411/11.1_FinaleButDHTOnly/Debug/../Core/Src/main.c:178:(.text.main+0xe2): undefined reference to `lcd_set_cursor'
C:/ST/STM32CubeIDE_1.18.1/STM32CubeIDE/plugins/com.st.stm32cube.ide.mcu.externaltools.gnu-tools-for-stm32.13.3.rel1.win32_1.0.0.202411081344/tools/bin/../lib/gcc/arm-none-eabi/13.3.1/../../../../arm-none-eabi/bin/ld.exe: D:/Learn/C/C/STM32F411/11.1_FinaleButDHTOnly/Debug/../Core/Src/main.c:187:(.text.main+0x10e): undefined reference to `lcd_set_cursor'
C:/ST/STM32CubeIDE_1.18.1/STM32CubeIDE/plugins/com.st.stm32cube.ide.mcu.externaltools.gnu-tools-for-stm32.13.3.rel1.win32_1.0.0.202411081344/tools/bin/../lib/gcc/arm-none-eabi/13.3.1/../../../../arm-none-eabi/bin/ld.exe: D:/Learn/C/C/STM32F411/11.1_FinaleButDHTOnly/Debug/../Core/Src/main.c:194:(.text.main+0x130): undefined reference to `lcd_set_cursor'
C:/ST/STM32CubeIDE_1.18.1/STM32CubeIDE/plugins/com.st.stm32cube.ide.mcu.externaltools.gnu-tools-for-stm32.13.3.rel1.win32_1.0.0.202411081344/tools/bin/../lib/gcc/arm-none-eabi/13.3.1/../../../../arm-none-eabi/bin/ld.exe: D:/Learn/C/C/STM32F411/11.1_FinaleButDHTOnly/Debug/../Core/Src/main.c:201:(.text.main+0x14c): undefined reference to `lcd_set_cursor'
C:/ST/STM32CubeIDE_1.18.1/STM32CubeIDE/plugins/com.st.stm32cube.ide.mcu.externaltools.gnu-tools-for-stm32.13.3.rel1.win32_1.0.0.202411081344/tools/bin/../lib/gcc/arm-none-eabi/13.3.1/../../../../arm-none-eabi/bin/ld.exe: D:/Learn/C/C/STM32F411/11.1_FinaleButDHTOnly/Debug/../Core/Src/main.c:205:(.text.main+0x15e): undefined reference to `dht_readData'
C:/ST/STM32CubeIDE_1.18.1/STM32CubeIDE/plugins/com.st.stm32cube.ide.mcu.externaltools.gnu-tools-for-stm32.13.3.rel1.win32_1.0.0.202411081344/tools/bin/../lib/gcc/arm-none-eabi/13.3.1/../../../../arm-none-eabi/bin/ld.exe: D:/Learn/C/C/STM32F411/11.1_FinaleButDHTOnly/Debug/../Core/Src/main.c:209:(.text.main+0x19a): undefined reference to `lcd_set_cursor'
C:/ST/STM32CubeIDE_1.18.1/STM32CubeIDE/plugins/com.st.stm32cube.ide.mcu.externaltools.gnu-tools-for-stm32.13.3.rel1.win32_1.0.0.202411081344/tools/bin/../lib/gcc/arm-none-eabi/13.3.1/../../../../arm-none-eabi/bin/ld.exe: D:/Learn/C/C/STM32F411/11.1_FinaleButDHTOnly/Debug/../Core/Src/main.c:214:(.text.main+0x1b0): undefined reference to `lcd_set_cursor'
C:/ST/STM32CubeIDE_1.18.1/STM32CubeIDE/plugins/com.st.stm32cube.ide.mcu.externaltools.gnu-tools-for-stm32.13.3.rel1.win32_1.0.0.202411081344/tools/bin/../lib/gcc/arm-none-eabi/13.3.1/../../../../arm-none-eabi/bin/ld.exe: D:/Learn/C/C/STM32F411/11.1_FinaleButDHTOnly/Debug/../Core/Src/main.c:221:(.text.main+0x1ca): undefined reference to `lcd_set_cursor'
C:/ST/STM32CubeIDE_1.18.1/STM32CubeIDE/plugins/com.st.stm32cube.ide.mcu.externaltools.gnu-tools-for-stm32.13.3.rel1.win32_1.0.0.202411081344/tools/bin/../lib/gcc/arm-none-eabi/13.3.1/../../../../arm-none-eabi/bin/ld.exe: D:/Learn/C/C/STM32F411/11.1_FinaleButDHTOnly/Debug/../Core/Src/main.c:226:(.text.main+0x1f4): undefined reference to `lcd_set_cursor'
C:/ST/STM32CubeIDE_1.18.1/STM32CubeIDE/plugins/com.st.stm32cube.ide.mcu.externaltools.gnu-tools-for-stm32.13.3.rel1.win32_1.0.0.202411081344/tools/bin/../lib/gcc/arm-none-eabi/13.3.1/../../../../arm-none-eabi/bin/ld.exe: ./Core/Src/main.o: in function `send_data_to_server':
D:/Learn/C/C/STM32F411/11.1_FinaleButDHTOnly/Debug/../Core/Src/main.c:517:(.text.send_data_to_server+0xa0): undefined reference to `lcd_set_cursor'
C:/ST/STM32CubeIDE_1.18.1/STM32CubeIDE/plugins/com.st.stm32cube.ide.mcu.externaltools.gnu-tools-for-stm32.13.3.rel1.win32_1.0.0.202411081344/tools/bin/../lib/gcc/arm-none-eabi/13.3.1/../../../../arm-none-eabi/bin/ld.exe: ./Core/Src/main.o:D:/Learn/C/C/STM32F411/11.1_FinaleButDHTOnly/Debug/../Core/Src/main.c:526: more undefined references to `lcd_set_cursor' follow
collect2.exe: error: ld returned 1 exit status
make: *** [makefile:64: 11.1_FinaleButDHTOnly.elf] Error 1
"make -j12 all" terminated with exit code 2. Build might be incomplete.

15:46:56 Build Failed. 15 errors, 0 warnings. (took 762ms)

